<?xml version="1.0" encoding="UTF-8"?>
<!-- Generated by org.testng.reporters.JUnitReportReporter -->
<testsuite skipped="0" hostname="DESKTOP-TCEP82C" name="org.tesng.Test1" tests="3" failures="0" timestamp="21 Jul 2021 02:32:52 GMT" time="0.045" errors="0">
  <testcase name="tc3" time="0.015" classname="org.tesng.Test1"/>
  <testcase name="tc2" time="0.015" classname="org.tesng.Test1"/>
  <testcase name="tc1" time="0.015" classname="org.tesng.Test1"/>
</testsuite> <!-- org.tesng.Test1 -->
