<?xml version="1.0" encoding="UTF-8"?>
<!-- Generated by org.testng.reporters.JUnitReportReporter -->
<testsuite skipped="0" hostname="DESKTOP-TCEP82C" name="org.tesng.SampleTestNg" tests="2" failures="0" timestamp="12 Jul 2021 07:54:47 GMT" time="0.263" errors="0">
  <testcase name="tc1" time="0.122" classname="org.tesng.SampleTestNg"/>
  <testcase name="tc0" time="0.141" classname="org.tesng.SampleTestNg"/>
</testsuite> <!-- org.tesng.SampleTestNg -->
