<?xml version="1.0" encoding="UTF-8"?>
<!-- Generated by org.testng.reporters.JUnitReportReporter -->
<testsuite skipped="0" hostname="DESKTOP-TCEP82C" name="org.sample.test.SampleTest2" tests="1" failures="0" timestamp="27 Aug 2021 11:57:02 GMT" time="9.005" errors="0">
  <testcase name="tco" time="9.005" classname="org.sample.test.SampleTest2"/>
</testsuite> <!-- org.sample.test.SampleTest2 -->
