<?xml version="1.0" encoding="UTF-8"?>
<!-- Generated by org.testng.reporters.JUnitReportReporter -->
<testsuite skipped="0" hostname="DESKTOP-TCEP82C" name="org.tesng.SampleTestNg3" tests="6" failures="0" timestamp="08 Jul 2021 07:54:49 GMT" time="0.029" errors="0">
  <testcase name="tc05" time="0.001" classname="org.tesng.SampleTestNg3"/>
  <testcase name="tc02" time="0.010" classname="org.tesng.SampleTestNg3"/>
  <testcase name="tc03" time="0.001" classname="org.tesng.SampleTestNg3"/>
  <testcase name="tc04" time="0.001" classname="org.tesng.SampleTestNg3"/>
  <testcase name="tc01" time="0.015" classname="org.tesng.SampleTestNg3"/>
  <testcase name="tc0" time="0.001" classname="org.tesng.SampleTestNg3"/>
</testsuite> <!-- org.tesng.SampleTestNg3 -->
