<?xml version="1.0" encoding="UTF-8"?>
<!-- Generated by org.testng.reporters.JUnitReportReporter -->
<testsuite skipped="0" hostname="DESKTOP-TCEP82C" name="org.tesng.Testing1" tests="10" failures="0" timestamp="21 Jul 2021 18:36:53 GMT" time="0.000" errors="0">
  <testcase name="test3" time="0.000" classname="org.tesng.Testing1"/>
  <testcase name="test2" time="0.000" classname="org.tesng.Testing1"/>
  <testcase name="test3" time="0.000" classname="org.tesng.Testing1"/>
  <testcase name="test4" time="0.000" classname="org.tesng.Testing1"/>
  <testcase name="test5" time="0.000" classname="org.tesng.Testing1"/>
  <testcase name="test1" time="0.000" classname="org.tesng.Testing1"/>
  <testcase name="test4" time="0.000" classname="org.tesng.Testing1"/>
  <testcase name="test5" time="0.000" classname="org.tesng.Testing1"/>
  <testcase name="test2" time="0.000" classname="org.tesng.Testing1"/>
  <testcase name="test1" time="0.000" classname="org.tesng.Testing1"/>
</testsuite> <!-- org.tesng.Testing1 -->
