<?xml version="1.0" encoding="UTF-8"?>
<!-- Generated by org.testng.reporters.JUnitReportReporter -->
<testsuite skipped="0" hostname="DESKTOP-TCEP82C" name="org.tesng.Testing2" tests="10" failures="0" timestamp="21 Jul 2021 18:36:53 GMT" time="0.000" errors="0">
  <testcase name="test25" time="0.000" classname="org.tesng.Testing2"/>
  <testcase name="test21" time="0.000" classname="org.tesng.Testing2"/>
  <testcase name="test22" time="0.000" classname="org.tesng.Testing2"/>
  <testcase name="test21" time="0.000" classname="org.tesng.Testing2"/>
  <testcase name="test25" time="0.000" classname="org.tesng.Testing2"/>
  <testcase name="test23" time="0.000" classname="org.tesng.Testing2"/>
  <testcase name="test22" time="0.000" classname="org.tesng.Testing2"/>
  <testcase name="test23" time="0.000" classname="org.tesng.Testing2"/>
  <testcase name="test24" time="0.000" classname="org.tesng.Testing2"/>
  <testcase name="test24" time="0.000" classname="org.tesng.Testing2"/>
</testsuite> <!-- org.tesng.Testing2 -->
