<?xml version="1.0" encoding="UTF-8"?>
<!-- Generated by org.testng.reporters.JUnitReportReporter -->
<testsuite skipped="0" hostname="DESKTOP-TCEP82C" name="org.tesng.SampleTestNg5" tests="5" failures="0" timestamp="19 Jul 2021 07:59:27 GMT" time="0.043" errors="0">
  <testcase name="tc23" time="0.006" classname="org.tesng.SampleTestNg5"/>
  <testcase name="tc22" time="0.002" classname="org.tesng.SampleTestNg5"/>
  <testcase name="tc24" time="0.011" classname="org.tesng.SampleTestNg5"/>
  <testcase name="tc21" time="0.011" classname="org.tesng.SampleTestNg5"/>
  <testcase name="tc20" time="0.013" classname="org.tesng.SampleTestNg5"/>
</testsuite> <!-- org.tesng.SampleTestNg5 -->
