<?xml version="1.0" encoding="UTF-8"?>
<!-- Generated by org.testng.reporters.JUnitReportReporter -->
<testsuite skipped="0" hostname="DESKTOP-TCEP82C" name="org.tesng.SampleTestNg2" tests="5" failures="0" timestamp="19 Jul 2021 07:59:27 GMT" time="0.029" errors="0">
  <testcase name="tc0" time="0.010" classname="org.tesng.SampleTestNg2"/>
  <testcase name="tc4" time="0.004" classname="org.tesng.SampleTestNg2"/>
  <testcase name="tc2" time="0.006" classname="org.tesng.SampleTestNg2"/>
  <testcase name="tc3" time="0.005" classname="org.tesng.SampleTestNg2"/>
  <testcase name="tc1" time="0.004" classname="org.tesng.SampleTestNg2"/>
</testsuite> <!-- org.tesng.SampleTestNg2 -->
