<?xml version="1.0" encoding="UTF-8"?>
<!-- Generated by org.testng.reporters.JUnitReportReporter -->
<testsuite skipped="0" hostname="DESKTOP-TCEP82C" name="org.tesng.Testing3" tests="2" failures="0" timestamp="21 Jul 2021 18:43:42 GMT" time="15.432" errors="0">
  <testcase name="tc1" time="8.033" classname="org.tesng.Testing3"/>
  <testcase name="tc1" time="7.399" classname="org.tesng.Testing3"/>
</testsuite> <!-- org.tesng.Testing3 -->
