<?xml version="1.0" encoding="UTF-8"?>
<!-- Generated by org.testng.reporters.JUnitReportReporter -->
<testsuite skipped="0" hostname="DESKTOP-TCEP82C" name="org.tesng.TestPractice" tests="3" failures="0" timestamp="22 Jul 2021 11:27:18 GMT" time="0.000" errors="0">
  <testcase name="tc3" time="0.000" classname="org.tesng.TestPractice"/>
  <testcase name="tc5" time="0.000" classname="org.tesng.TestPractice"/>
  <testcase name="tc1" time="0.000" classname="org.tesng.TestPractice"/>
</testsuite> <!-- org.tesng.TestPractice -->
